<?xml version="1.0" encoding="UTF-8"?>
<testsuite xmlns:xsi="http://www.w3.org/2001/XMLSchema-instance" xsi:noNamespaceSchemaLocation="https://maven.apache.org/surefire/maven-surefire-plugin/xsd/surefire-test-report-3.0.xsd" version="3.0" name="com.example.ollamahellothere.OllamaHelloThereApplicationTests" time="4.548" tests="1" errors="0" skipped="0" failures="0">
  <properties>
[...]
</properties>
  <testcase name="contextLoads" classname="com.example.ollamahellothere.OllamaHelloThereApplicationTests" time="1.266">
    <system-out><![CDATA[21:36:02.288 [main] INFO org.springframework.test.context.support.AnnotationConfigContextLoaderUtils -- Could not detect default configuration classes for test class [com.example.ollamahellothere.OllamaHelloThereApplicationTests]: OllamaHelloThereApplicationTests does not declare any static, non-private, non-final, nested classes annotated with @Configuration.
21:36:02.423 [main] INFO org.springframework.boot.test.context.SpringBootTestContextBootstrapper -- Found @SpringBootConfiguration com.example.ollamahellothere.OllamaHelloThereApplication for test class com.example.ollamahellothere.OllamaHelloThereApplicationTests
  .   ____          _            __ _ _
 /\\ / ___'_ __ _ _(_)_ __  __ _ \ \ \ \
( ( )\___ | '_ | '_| | '_ \/ _` | \ \ \ \
 \\/  ___)| |_)| | | | | || (_| |  ) ) ) )
  '  |____| .__|_| |_|_| |_\__, | / / / /
 =========|_|==============|___/=/_/_/_/

 :: Spring Boot ::                (v3.3.0)

2024-06-11T21:36:02.884+02:00  WARN 107767 --- [ollama-hello-there] [           main] ory$DuplicateJsonObjectContextCustomizer : 

Found multiple occurrences of org.json.JSONObject on the class path:

	jar:file:/home/tahsin/.m2/repository/org/json/json/20231013/json-20231013.jar!/org/json/JSONObject.class
	jar:file:/home/tahsin/.m2/repository/com/vaadin/external/google/android-json/0.0.20131108.vaadin1/android-json-0.0.20131108.vaadin1.jar!/org/json/JSONObject.class

You may wish to exclude one of them to ensure predictable runtime behavior

2024-06-11T21:36:02.920+02:00  INFO 107767 --- [ollama-hello-there] [           main] c.e.o.OllamaHelloThereApplicationTests   : Starting OllamaHelloThereApplicationTests using Java 21.0.3 with PID 107767 (started by tahsin in /home/tahsin/Documents/DevApps/ollama-hello-there)
2024-06-11T21:36:02.921+02:00  INFO 107767 --- [ollama-hello-there] [           main] c.e.o.OllamaHelloThereApplicationTests   : No active profile set, falling back to 1 default profile: "default"
2024-06-11T21:36:05.245+02:00  INFO 107767 --- [ollama-hello-there] [           main] c.e.o.OllamaHelloThereApplicationTests   : Started OllamaHelloThereApplicationTests in 2.643 seconds (process running for 4.211)
]]></system-out>
    <system-err><![CDATA[WARNING: A Java agent has been loaded dynamically (/home/tahsin/.m2/repository/net/bytebuddy/byte-buddy-agent/1.14.16/byte-buddy-agent-1.14.16.jar)
WARNING: If a serviceability tool is in use, please run with -XX:+EnableDynamicAgentLoading to hide this warning
WARNING: If a serviceability tool is not in use, please run with -Djdk.instrument.traceUsage for more information
WARNING: Dynamic loading of agents will be disallowed by default in a future release
]]></system-err>
  </testcase>
</testsuite>